<?xml version="1.0" encoding="UTF-8"?>
<testsuite name="App.TestRunner.ExperiBankTestRunner" tests="2" skipped="0" failures="2" errors="0" timestamp="2023-03-23T11:07:21" hostname="DESKTOP-257VOMS" time="9.071">
  <properties/>
  <testcase name="runScenario[0](&quot;user login&quot;, &quot;Optional[AppTest]&quot;)" classname="App.TestRunner.ExperiBankTestRunner" time="9.066">
    <failure message="org.openqa.selenium.SessionNotCreatedException: Could not start a new session. Response code 500. Message: An unknown server-side error occurred while processing the command. Original error: Error getting device API level. Original error: Error executing adbExec. Original error: 'Command 'C:\\Users\\HP\\AppData\\Local\\Android\\Sdk\\platform-tools\\adb.exe -P 5037 -s 87beccc2 shell getprop ro.build.version.sdk' exited with code 1'; Command output: adb.exe: device unauthorized.&#13;&#10;This adb server's $ADB_VENDOR_KEYS is not set&#13;&#10;Try 'adb kill-server' if that seems wrong.&#13;&#10;Otherwise check for a confirmation dialog on your device.&#13;&#10; &#10;Host info: host: 'DESKTOP-257VOMS', ip: '192.168.2.242'&#10;Build info: version: '4.7.0', revision: '0a5b49d16f'&#10;System info: os.name: 'Windows 10', os.arch: 'amd64', os.version: '10.0', java.version: '1.8.0_202'&#10;Driver info: io.appium.java_client.android.AndroidDriver&#10;Command: [null, newSession {capabilities=[{appium:appActivity=.LoginActivity, appium:appPackage=com.experitest.ExperiBank, appium:deviceName=vivo 1818, platformName=ANDROID, appium:platformVersion=11.0, appium:udid=87beccc2}], desiredCapabilities=Capabilities {appActivity: .LoginActivity, appPackage: com.experitest.ExperiBank, deviceName: vivo 1818, platformName: ANDROID, platformVersion: 11.0, udid: 87beccc2}}]&#10;Capabilities {}" type="org.openqa.selenium.SessionNotCreatedException">org.openqa.selenium.SessionNotCreatedException: Could not start a new session. Response code 500. Message: An unknown server-side error occurred while processing the command. Original error: Error getting device API level. Original error: Error executing adbExec. Original error: 'Command 'C:\\Users\\HP\\AppData\\Local\\Android\\Sdk\\platform-tools\\adb.exe -P 5037 -s 87beccc2 shell getprop ro.build.version.sdk' exited with code 1'; Command output: adb.exe: device unauthorized.
This adb server's $ADB_VENDOR_KEYS is not set
Try 'adb kill-server' if that seems wrong.
Otherwise check for a confirmation dialog on your device.
 
Host info: host: 'DESKTOP-257VOMS', ip: '192.168.2.242'
Build info: version: '4.7.0', revision: '0a5b49d16f'
System info: os.name: 'Windows 10', os.arch: 'amd64', os.version: '10.0', java.version: '1.8.0_202'
Driver info: io.appium.java_client.android.AndroidDriver
Command: [null, newSession {capabilities=[{appium:appActivity=.LoginActivity, appium:appPackage=com.experitest.ExperiBank, appium:deviceName=vivo 1818, platformName=ANDROID, appium:platformVersion=11.0, appium:udid=87beccc2}], desiredCapabilities=Capabilities {appActivity: .LoginActivity, appPackage: com.experitest.ExperiBank, deviceName: vivo 1818, platformName: ANDROID, platformVersion: 11.0, udid: 87beccc2}}]
Capabilities {}
	at org.openqa.selenium.remote.ProtocolHandshake.createSession(ProtocolHandshake.java:148)
	at sun.reflect.NativeMethodAccessorImpl.invoke0(Native Method)
	at sun.reflect.NativeMethodAccessorImpl.invoke(NativeMethodAccessorImpl.java:62)
	at sun.reflect.DelegatingMethodAccessorImpl.invoke(DelegatingMethodAccessorImpl.java:43)
	at java.lang.reflect.Method.invoke(Method.java:498)
	at io.appium.java_client.remote.AppiumProtocolHandshake.createSession(AppiumProtocolHandshake.java:133)
	at io.appium.java_client.remote.AppiumProtocolHandshake.createSession(AppiumProtocolHandshake.java:102)
	at io.appium.java_client.remote.AppiumCommandExecutor.createSession(AppiumCommandExecutor.java:194)
	at io.appium.java_client.remote.AppiumCommandExecutor.execute(AppiumCommandExecutor.java:262)
	at org.openqa.selenium.remote.RemoteWebDriver.execute(RemoteWebDriver.java:541)
	at io.appium.java_client.AppiumDriver.startSession(AppiumDriver.java:229)
	at org.openqa.selenium.remote.RemoteWebDriver.&lt;init&gt;(RemoteWebDriver.java:157)
	at io.appium.java_client.AppiumDriver.&lt;init&gt;(AppiumDriver.java:80)
	at io.appium.java_client.AppiumDriver.&lt;init&gt;(AppiumDriver.java:92)
	at io.appium.java_client.android.AndroidDriver.&lt;init&gt;(AndroidDriver.java:117)
	at App.Core.Helper.apkLaunch(Helper.java:25)
	at App.StepDefinition.EB1LoginStepDefs.appApkIsThere(EB1LoginStepDefs.java:18)
	at ✽.app apk is there(file:///F:/HybridFrameworkCucumber/src/test/resources/Feature/App/EB1Login.feature:5)
</failure>
  </testcase>
  <testcase name="runScenario[1](&quot;&quot;, &quot;Optional.empty&quot;)" classname="App.TestRunner.ExperiBankTestRunner" time="0.005">
    <failure message="java.lang.NullPointerException" type="java.lang.NullPointerException">java.lang.NullPointerException
	at App.POM.AppElements.makePaymentTab(AppElements.java:29)
	at App.StepDefinition.EB2MakePaymentStepDefs.userClicksOnThrMakePaymentTab(EB2MakePaymentStepDefs.java:19)
	at ✽.user clicks on thr make payment tab(file:///F:/HybridFrameworkCucumber/src/test/resources/Feature/App/EB2MakePayment.feature:5)
</failure>
  </testcase>
  <system-out><![CDATA[
@login
Scenario Outline: user login              # src/test/resources/Feature/App/EB1Login.feature:11
  Given app apk is there                  # App.StepDefinition.EB1LoginStepDefs.appApkIsThere()
      org.openqa.selenium.SessionNotCreatedException: Could not start a new session. Response code 500. Message: An unknown server-side error occurred while processing the command. Original error: Error getting device API level. Original error: Error executing adbExec. Original error: 'Command 'C:\\Users\\HP\\AppData\\Local\\Android\\Sdk\\platform-tools\\adb.exe -P 5037 -s 87beccc2 shell getprop ro.build.version.sdk' exited with code 1'; Command output: adb.exe: device unauthorized.
This adb server's $ADB_VENDOR_KEYS is not set
Try 'adb kill-server' if that seems wrong.
Otherwise check for a confirmation dialog on your device.
 
Host info: host: 'DESKTOP-257VOMS', ip: '192.168.2.242'
Build info: version: '4.7.0', revision: '0a5b49d16f'
System info: os.name: 'Windows 10', os.arch: 'amd64', os.version: '10.0', java.version: '1.8.0_202'
Driver info: io.appium.java_client.android.AndroidDriver
Command: [null, newSession {capabilities=[{appium:appActivity=.LoginActivity, appium:appPackage=com.experitest.ExperiBank, appium:deviceName=vivo 1818, platformName=ANDROID, appium:platformVersion=11.0, appium:udid=87beccc2}], desiredCapabilities=Capabilities {appActivity: .LoginActivity, appPackage: com.experitest.ExperiBank, deviceName: vivo 1818, platformName: ANDROID, platformVersion: 11.0, udid: 87beccc2}}]
Capabilities {}
	at org.openqa.selenium.remote.ProtocolHandshake.createSession(ProtocolHandshake.java:148)
	at sun.reflect.NativeMethodAccessorImpl.invoke0(Native Method)
	at sun.reflect.NativeMethodAccessorImpl.invoke(NativeMethodAccessorImpl.java:62)
	at sun.reflect.DelegatingMethodAccessorImpl.invoke(DelegatingMethodAccessorImpl.java:43)
	at java.lang.reflect.Method.invoke(Method.java:498)
	at io.appium.java_client.remote.AppiumProtocolHandshake.createSession(AppiumProtocolHandshake.java:133)
	at io.appium.java_client.remote.AppiumProtocolHandshake.createSession(AppiumProtocolHandshake.java:102)
	at io.appium.java_client.remote.AppiumCommandExecutor.createSession(AppiumCommandExecutor.java:194)
	at io.appium.java_client.remote.AppiumCommandExecutor.execute(AppiumCommandExecutor.java:262)
	at org.openqa.selenium.remote.RemoteWebDriver.execute(RemoteWebDriver.java:541)
	at io.appium.java_client.AppiumDriver.startSession(AppiumDriver.java:229)
	at org.openqa.selenium.remote.RemoteWebDriver.<init>(RemoteWebDriver.java:157)
	at io.appium.java_client.AppiumDriver.<init>(AppiumDriver.java:80)
	at io.appium.java_client.AppiumDriver.<init>(AppiumDriver.java:92)
	at io.appium.java_client.android.AndroidDriver.<init>(AndroidDriver.java:117)
	at App.Core.Helper.apkLaunch(Helper.java:25)
	at App.StepDefinition.EB1LoginStepDefs.appApkIsThere(EB1LoginStepDefs.java:18)
	at âœ½.app apk is there(file:///F:/HybridFrameworkCucumber/src/test/resources/Feature/App/EB1Login.feature:5)

  When user enters 'company'and 'company' # App.StepDefinition.EB1LoginStepDefs.userEntersUsernameAndPass(java.lang.String,java.lang.String)
  Then user will navigate to home screen  # App.StepDefinition.EB1LoginStepDefs.userWillNavigateToHomeScreen()

@makePayment
Scenario Outline:                                              # src/test/resources/Feature/App/EB2MakePayment.feature:12
  Given user clicks on thr make payment tab                    # App.StepDefinition.EB2MakePaymentStepDefs.userClicksOnThrMakePaymentTab()
      java.lang.NullPointerException
	at App.POM.AppElements.makePaymentTab(AppElements.java:29)
	at App.StepDefinition.EB2MakePaymentStepDefs.userClicksOnThrMakePaymentTab(EB2MakePaymentStepDefs.java:19)
	at âœ½.user clicks on thr make payment tab(file:///F:/HybridFrameworkCucumber/src/test/resources/Feature/App/EB2MakePayment.feature:5)

  When user inserts '12345' and 'john' and '100'               # App.StepDefinition.EB2MakePaymentStepDefs.userInsertsPhoneAndNameAndAmount(java.lang.String,java.lang.String,java.lang.String)
  And user selects country                                     # App.StepDefinition.EB2MakePaymentStepDefs.userSelectsCountry()
  And user clicks on send payment button                       # App.StepDefinition.EB2MakePaymentStepDefs.userClicksOnSendPaymentButton()
  Then user closes the alert selecting ok and confirms payment # App.StepDefinition.EB2MakePaymentStepDefs.userClosesTheAlertSelectingOkAndConfirmsPayment()
]]></system-out>
  <system-err><![CDATA[]]></system-err>
</testsuite>
