<?xml version="1.0" encoding="UTF-8"?>
<!-- Generated by org.testng.reporters.JUnitReportReporter -->
<testsuite skipped="0" hostname="DESKTOP-257VOMS" name="App.TestRunner.ExperiBankTestRunner" tests="2" failures="0" timestamp="2023-03-23T17:07:32 BDT" time="9.071" errors="2">
  <testcase name="runScenario" time="0.005" classname="App.TestRunner.ExperiBankTestRunner">
    <error type="java.lang.NullPointerException">
      <![CDATA[java.lang.NullPointerException
at App.POM.AppElements.makePaymentTab(AppElements.java:29)
at App.StepDefinition.EB2MakePaymentStepDefs.userClicksOnThrMakePaymentTab(EB2MakePaymentStepDefs.java:19)
at ✽.user clicks on thr make payment tab(file:///F:/HybridFrameworkCucumber/src/test/resources/Feature/App/EB2MakePayment.feature:5)
]]>
    </error>
  </testcase> <!-- runScenario -->
  <system-out/>
  <testcase name="runScenario" time="9.066" classname="App.TestRunner.ExperiBankTestRunner">
    <error type="org.openqa.selenium.SessionNotCreatedException" message="Could not start a new session. Response code 500. Message: An unknown server-side error occurred while processing the command. Original error: Error getting device API level. Original error: Error executing adbExec. Original error: &#039;Command &#039;C:\\Users\\HP\\AppData\\Local\\Android\\Sdk\\platform-tools\\adb.exe -P 5037 -s 87beccc2 shell getprop ro.build.version.sdk&#039; exited with code 1&#039;; Command output: adb.exe: device unauthorized.
This adb server&#039;s $ADB_VENDOR_KEYS is not set
Try &#039;adb kill-server&#039; if that seems wrong.
Otherwise check for a confirmation dialog on your device.
 
Host info: host: &#039;DESKTOP-257VOMS&#039;, ip: &#039;192.168.2.242&#039;
Build info: version: &#039;4.7.0&#039;, revision: &#039;0a5b49d16f&#039;
System info: os.name: &#039;Windows 10&#039;, os.arch: &#039;amd64&#039;, os.version: &#039;10.0&#039;, java.version: &#039;1.8.0_202&#039;
Driver info: io.appium.java_client.android.AndroidDriver
Command: [null, newSession {capabilities=[{appium:appActivity=.LoginActivity, appium:appPackage=com.experitest.ExperiBank, appium:deviceName=vivo 1818, platformName=ANDROID, appium:platformVersion=11.0, appium:udid=87beccc2}], desiredCapabilities=Capabilities {appActivity: .LoginActivity, appPackage: com.experitest.ExperiBank, deviceName: vivo 1818, platformName: ANDROID, platformVersion: 11.0, udid: 87beccc2}}]
Capabilities {}">
      <![CDATA[org.openqa.selenium.SessionNotCreatedException: Could not start a new session. Response code 500. Message: An unknown server-side error occurred while processing the command. Original error: Error getting device API level. Original error: Error executing adbExec. Original error: 'Command 'C:\\Users\\HP\\AppData\\Local\\Android\\Sdk\\platform-tools\\adb.exe -P 5037 -s 87beccc2 shell getprop ro.build.version.sdk' exited with code 1'; Command output: adb.exe: device unauthorized.
This adb server's $ADB_VENDOR_KEYS is not set
Try 'adb kill-server' if that seems wrong.
Otherwise check for a confirmation dialog on your device.
 
Host info: host: 'DESKTOP-257VOMS', ip: '192.168.2.242'
Build info: version: '4.7.0', revision: '0a5b49d16f'
System info: os.name: 'Windows 10', os.arch: 'amd64', os.version: '10.0', java.version: '1.8.0_202'
Driver info: io.appium.java_client.android.AndroidDriver
Command: [null, newSession {capabilities=[{appium:appActivity=.LoginActivity, appium:appPackage=com.experitest.ExperiBank, appium:deviceName=vivo 1818, platformName=ANDROID, appium:platformVersion=11.0, appium:udid=87beccc2}], desiredCapabilities=Capabilities {appActivity: .LoginActivity, appPackage: com.experitest.ExperiBank, deviceName: vivo 1818, platformName: ANDROID, platformVersion: 11.0, udid: 87beccc2}}]
Capabilities {}
at org.openqa.selenium.remote.ProtocolHandshake.createSession(ProtocolHandshake.java:148)
at sun.reflect.NativeMethodAccessorImpl.invoke0(Native Method)
at sun.reflect.NativeMethodAccessorImpl.invoke(NativeMethodAccessorImpl.java:62)
at sun.reflect.DelegatingMethodAccessorImpl.invoke(DelegatingMethodAccessorImpl.java:43)
at java.lang.reflect.Method.invoke(Method.java:498)
at io.appium.java_client.remote.AppiumProtocolHandshake.createSession(AppiumProtocolHandshake.java:133)
at io.appium.java_client.remote.AppiumProtocolHandshake.createSession(AppiumProtocolHandshake.java:102)
at io.appium.java_client.remote.AppiumCommandExecutor.createSession(AppiumCommandExecutor.java:194)
at io.appium.java_client.remote.AppiumCommandExecutor.execute(AppiumCommandExecutor.java:262)
at org.openqa.selenium.remote.RemoteWebDriver.execute(RemoteWebDriver.java:541)
at io.appium.java_client.AppiumDriver.startSession(AppiumDriver.java:229)
at org.openqa.selenium.remote.RemoteWebDriver.<init>(RemoteWebDriver.java:157)
at io.appium.java_client.AppiumDriver.<init>(AppiumDriver.java:80)
at io.appium.java_client.AppiumDriver.<init>(AppiumDriver.java:92)
at io.appium.java_client.android.AndroidDriver.<init>(AndroidDriver.java:117)
at App.Core.Helper.apkLaunch(Helper.java:25)
at App.StepDefinition.EB1LoginStepDefs.appApkIsThere(EB1LoginStepDefs.java:18)
at ✽.app apk is there(file:///F:/HybridFrameworkCucumber/src/test/resources/Feature/App/EB1Login.feature:5)
]]>
    </error>
  </testcase> <!-- runScenario -->
  <system-out/>
</testsuite> <!-- App.TestRunner.ExperiBankTestRunner -->
